<?xml version="1.0" encoding="UTF-8"?>
<!-- Generated by org.testng.reporters.JUnitReportReporter -->
<testsuite hostname="DESKTOP-0UK4DGM" failures="0" tests="3" name="test.GSTSegregationTest" time="0.013" errors="0" timestamp="2021-07-08T16:26:23 IST" skipped="0">
  <testcase classname="test.GSTSegregationTest" name="verifyGSTProductWithPriceGreaterThan2000" time="0.000"/>
  <system-out/>
  <testcase classname="test.GSTSegregationTest" name="verifyGSTProductWithPriceGreater2000Size" time="0.002"/>
  <system-out/>
  <testcase classname="test.GSTSegregationTest" name="verifyAllProduct" time="0.011"/>
  <system-out/>
</testsuite> <!-- test.GSTSegregationTest -->
